[debug] [2022-01-29T22:05:12.784Z] ----------------------------------------------------------------------
[debug] [2022-01-29T22:05:12.786Z] Command:       /usr/local/bin/firebase /Users/scottquach/.cache/firebase/tools/lib/node_modules/firebase-tools/lib/bin/firebase emulators:start --only functions
[debug] [2022-01-29T22:05:12.786Z] CLI Version:   10.1.2
[debug] [2022-01-29T22:05:12.786Z] Platform:      darwin
[debug] [2022-01-29T22:05:12.786Z] Node Version:  v12.18.1
[debug] [2022-01-29T22:05:12.792Z] Time:          Sat Jan 29 2022 14:05:12 GMT-0800 (Pacific Standard Time)
[debug] [2022-01-29T22:05:12.792Z] ----------------------------------------------------------------------
[debug] 
[debug] [2022-01-29T22:05:12.849Z] > command requires scopes: ["email","openid","https://www.googleapis.com/auth/cloudplatformprojects.readonly","https://www.googleapis.com/auth/firebase","https://www.googleapis.com/auth/cloud-platform"]
[debug] [2022-01-29T22:05:12.849Z] > authorizing via signed-in user (scottqglobal@gmail.com)
[info] i  emulators: Starting emulators: functions {"metadata":{"emulator":{"name":"hub"},"message":"Starting emulators: functions"}}
[warn] ⚠  emulators: It seems that you are running multiple instances of the emulator suite for project board-595c4. This may result in unexpected behavior. 
[debug] [2022-01-29T22:05:12.884Z] [hub] writing locator at /var/folders/jf/gw6x91t96zxc6d27wzyzjpl80000gn/T/hub-board-595c4.json
[warn] ⚠  functions: The following emulators are not running, calls to these services from the Functions emulator will affect production: auth, firestore, database, hosting, pubsub, storage {"metadata":{"emulator":{"name":"functions"},"message":"The following emulators are not running, calls to these services from the Functions emulator will affect production: \u001b[1mauth, firestore, database, hosting, pubsub, storage\u001b[22m"}}
[warn] ⚠  Your requested "node" version "16" doesn't match your global version "12" {"metadata":{"emulator":{"name":"functions"},"message":"Your requested \"node\" version \"16\" doesn't match your global version \"12\""}}
[debug] [2022-01-29T22:05:13.035Z] defaultcredentials: writing to file /Users/scottquach/.config/firebase/scottqglobal_gmail_com_application_default_credentials.json
[debug] [2022-01-29T22:05:13.048Z] Setting GAC to /Users/scottquach/.config/firebase/scottqglobal_gmail_com_application_default_credentials.json {"metadata":{"emulator":{"name":"functions"},"message":"Setting GAC to /Users/scottquach/.config/firebase/scottqglobal_gmail_com_application_default_credentials.json"}}
[debug] [2022-01-29T22:05:13.051Z] >>> [apiv2][query] GET https://firebase.googleapis.com/v1beta1/projects/board-595c4/adminSdkConfig [none]
[debug] [2022-01-29T22:05:13.230Z] <<< [apiv2][status] GET https://firebase.googleapis.com/v1beta1/projects/board-595c4/adminSdkConfig 200
[debug] [2022-01-29T22:05:13.231Z] <<< [apiv2][body] GET https://firebase.googleapis.com/v1beta1/projects/board-595c4/adminSdkConfig {"projectId":"board-595c4","storageBucket":"board-595c4.appspot.com","locationId":"us-central"}
[warn] ⚠  ui: Emulator UI unable to start on port 4000, starting on 4001 instead. {"metadata":{"emulator":{"name":"ui"},"message":"Emulator UI unable to start on port 4000, starting on 4001 instead."}}
[debug] [2022-01-29T22:05:13.269Z] Ignoring unsupported arg: auto_download {"metadata":{"emulator":{"name":"ui"},"message":"Ignoring unsupported arg: auto_download"}}
[debug] [2022-01-29T22:05:13.269Z] Ignoring unsupported arg: port {"metadata":{"emulator":{"name":"ui"},"message":"Ignoring unsupported arg: port"}}
[debug] [2022-01-29T22:05:13.269Z] Starting Emulator UI with command {"binary":"node","args":["/Users/scottquach/.cache/firebase/emulators/ui-v1.6.4/server.bundle.js"],"optionalArgs":[],"joinArgs":false} {"metadata":{"emulator":{"name":"ui"},"message":"Starting Emulator UI with command {\"binary\":\"node\",\"args\":[\"/Users/scottquach/.cache/firebase/emulators/ui-v1.6.4/server.bundle.js\"],\"optionalArgs\":[],\"joinArgs\":false}"}}
[info] i  ui: Emulator UI logging to ui-debug.log {"metadata":{"emulator":{"name":"ui"},"message":"Emulator UI logging to \u001b[1mui-debug.log\u001b[22m"}}
[debug] [2022-01-29T22:05:13.537Z] Web / API server started at localhost:4001
 {"metadata":{"emulator":{"name":"ui"},"message":"Web / API server started at localhost:4001\n"}}
[info] i  functions: Watching "/Users/scottquach/Garage Projects/FindFocus/functions" for Cloud Functions... {"metadata":{"emulator":{"name":"functions"},"message":"Watching \"/Users/scottquach/Garage Projects/FindFocus/functions\" for Cloud Functions..."}}
[debug] [2022-01-29T22:05:13.570Z] [worker-pool] addWorker(~diagnostic~) {"metadata":{"emulator":{"name":"functions"},"message":"[worker-pool] addWorker(~diagnostic~)"}}
[debug] [2022-01-29T22:05:13.571Z] [worker-pool] Adding worker with key ~diagnostic~, total=1 {"metadata":{"emulator":{"name":"functions"},"message":"[worker-pool] Adding worker with key ~diagnostic~, total=1"}}
[debug] [2022-01-29T22:05:13.571Z] [worker-pool] submitWork(triggerId=) {"metadata":{"emulator":{"name":"functions"},"message":"[worker-pool] submitWork(triggerId=)"}}
[debug] [2022-01-29T22:05:13.571Z] [worker-~diagnostic~-06dd9efa-d91b-4b0a-b3fc-9d99cab1285f]: Assigning socketPath: /var/folders/jf/gw6x91t96zxc6d27wzyzjpl80000gn/T/fire_emu_27549.sock {"metadata":{"emulator":{"name":"functions"},"message":"[worker-~diagnostic~-06dd9efa-d91b-4b0a-b3fc-9d99cab1285f]: Assigning socketPath: /var/folders/jf/gw6x91t96zxc6d27wzyzjpl80000gn/T/fire_emu_27549.sock"}}
[debug] [2022-01-29T22:05:13.571Z] [worker-~diagnostic~-06dd9efa-d91b-4b0a-b3fc-9d99cab1285f]: BUSY {"metadata":{"emulator":{"name":"functions"},"message":"[worker-~diagnostic~-06dd9efa-d91b-4b0a-b3fc-9d99cab1285f]: BUSY"}}
[debug] [2022-01-29T22:05:13.829Z] [runtime-status] [27549] Functions runtime initialized. {"cwd":"/Users/scottquach/Garage Projects/FindFocus/functions","node_version":"12.18.1"} {"metadata":{"emulator":{"name":"functions"},"message":"[runtime-status] [27549] Functions runtime initialized. {\"cwd\":\"/Users/scottquach/Garage Projects/FindFocus/functions\",\"node_version\":\"12.18.1\"}"}}
[debug] [2022-01-29T22:05:13.830Z] [runtime-status] [27549] Disabled runtime features: undefined {"metadata":{"emulator":{"name":"functions"},"message":"[runtime-status] [27549] Disabled runtime features: undefined"}}
[debug] [2022-01-29T22:05:13.830Z] [runtime-status] [27549] Resolved module firebase-admin {"declared":true,"installed":true,"version":"9.12.0","resolution":"/Users/scottquach/Garage Projects/FindFocus/functions/node_modules/firebase-admin/lib/index.js"} {"metadata":{"emulator":{"name":"functions"},"message":"[runtime-status] [27549] Resolved module firebase-admin {\"declared\":true,\"installed\":true,\"version\":\"9.12.0\",\"resolution\":\"/Users/scottquach/Garage Projects/FindFocus/functions/node_modules/firebase-admin/lib/index.js\"}"}}
[debug] [2022-01-29T22:05:13.831Z] [runtime-status] [27549] Resolved module firebase-functions {"declared":true,"installed":true,"version":"3.16.0","resolution":"/Users/scottquach/Garage Projects/FindFocus/functions/node_modules/firebase-functions/lib/index.js"} {"metadata":{"emulator":{"name":"functions"},"message":"[runtime-status] [27549] Resolved module firebase-functions {\"declared\":true,\"installed\":true,\"version\":\"3.16.0\",\"resolution\":\"/Users/scottquach/Garage Projects/FindFocus/functions/node_modules/firebase-functions/lib/index.js\"}"}}
[debug] [2022-01-29T22:05:13.832Z] [runtime-status] [27549] Outgoing network have been stubbed. [{"name":"http","status":"mocked"},{"name":"http","status":"mocked"},{"name":"https","status":"mocked"},{"name":"https","status":"mocked"},{"name":"net","status":"mocked"}] {"metadata":{"emulator":{"name":"functions"},"message":"[runtime-status] [27549] Outgoing network have been stubbed. [{\"name\":\"http\",\"status\":\"mocked\"},{\"name\":\"http\",\"status\":\"mocked\"},{\"name\":\"https\",\"status\":\"mocked\"},{\"name\":\"https\",\"status\":\"mocked\"},{\"name\":\"net\",\"status\":\"mocked\"}]"}}
[debug] [2022-01-29T22:05:13.832Z] [runtime-status] [27549] Resolved module firebase-functions {"declared":true,"installed":true,"version":"3.16.0","resolution":"/Users/scottquach/Garage Projects/FindFocus/functions/node_modules/firebase-functions/lib/index.js"} {"metadata":{"emulator":{"name":"functions"},"message":"[runtime-status] [27549] Resolved module firebase-functions {\"declared\":true,\"installed\":true,\"version\":\"3.16.0\",\"resolution\":\"/Users/scottquach/Garage Projects/FindFocus/functions/node_modules/firebase-functions/lib/index.js\"}"}}
[debug] [2022-01-29T22:05:13.864Z] [runtime-status] [27549] Checked functions.config() {"config":{}} {"metadata":{"emulator":{"name":"functions"},"message":"[runtime-status] [27549] Checked functions.config() {\"config\":{}}"}}
[debug] [2022-01-29T22:05:13.864Z] [runtime-status] [27549] firebase-functions has been stubbed. {"functionsResolution":{"declared":true,"installed":true,"version":"3.16.0","resolution":"/Users/scottquach/Garage Projects/FindFocus/functions/node_modules/firebase-functions/lib/index.js"}} {"metadata":{"emulator":{"name":"functions"},"message":"[runtime-status] [27549] firebase-functions has been stubbed. {\"functionsResolution\":{\"declared\":true,\"installed\":true,\"version\":\"3.16.0\",\"resolution\":\"/Users/scottquach/Garage Projects/FindFocus/functions/node_modules/firebase-functions/lib/index.js\"}}"}}
[debug] [2022-01-29T22:05:13.865Z] [runtime-status] [27549] Resolved module firebase-functions {"declared":true,"installed":true,"version":"3.16.0","resolution":"/Users/scottquach/Garage Projects/FindFocus/functions/node_modules/firebase-functions/lib/index.js"} {"metadata":{"emulator":{"name":"functions"},"message":"[runtime-status] [27549] Resolved module firebase-functions {\"declared\":true,\"installed\":true,\"version\":\"3.16.0\",\"resolution\":\"/Users/scottquach/Garage Projects/FindFocus/functions/node_modules/firebase-functions/lib/index.js\"}"}}
[debug] [2022-01-29T22:05:13.865Z] [runtime-status] [27549] Resolved module firebase-admin {"declared":true,"installed":true,"version":"9.12.0","resolution":"/Users/scottquach/Garage Projects/FindFocus/functions/node_modules/firebase-admin/lib/index.js"} {"metadata":{"emulator":{"name":"functions"},"message":"[runtime-status] [27549] Resolved module firebase-admin {\"declared\":true,\"installed\":true,\"version\":\"9.12.0\",\"resolution\":\"/Users/scottquach/Garage Projects/FindFocus/functions/node_modules/firebase-admin/lib/index.js\"}"}}
[debug] [2022-01-29T22:05:13.866Z] [runtime-status] [27549] Resolved module firebase-functions {"declared":true,"installed":true,"version":"3.16.0","resolution":"/Users/scottquach/Garage Projects/FindFocus/functions/node_modules/firebase-functions/lib/index.js"} {"metadata":{"emulator":{"name":"functions"},"message":"[runtime-status] [27549] Resolved module firebase-functions {\"declared\":true,\"installed\":true,\"version\":\"3.16.0\",\"resolution\":\"/Users/scottquach/Garage Projects/FindFocus/functions/node_modules/firebase-functions/lib/index.js\"}"}}
[debug] [2022-01-29T22:05:13.866Z] [runtime-status] [27549] firebase-admin has been stubbed. {"adminResolution":{"declared":true,"installed":true,"version":"9.12.0","resolution":"/Users/scottquach/Garage Projects/FindFocus/functions/node_modules/firebase-admin/lib/index.js"}} {"metadata":{"emulator":{"name":"functions"},"message":"[runtime-status] [27549] firebase-admin has been stubbed. {\"adminResolution\":{\"declared\":true,\"installed\":true,\"version\":\"9.12.0\",\"resolution\":\"/Users/scottquach/Garage Projects/FindFocus/functions/node_modules/firebase-admin/lib/index.js\"}}"}}
[debug] [2022-01-29T22:05:13.867Z] [runtime-status] [27549] initializeApp(DEFAULT) {"storageBucket":"board-595c4.appspot.com","projectId":"board-595c4"} {"metadata":{"emulator":{"name":"functions"},"message":"[runtime-status] [27549] initializeApp(DEFAULT) {\"storageBucket\":\"board-595c4.appspot.com\",\"projectId\":\"board-595c4\"}"}}
[info] ✔  functions[us-central1-helloWorld]: http function initialized (http://localhost:5001/board-595c4/us-central1/helloWorld). {"metadata":{"emulator":{"name":"functions"},"message":"\u001b[1mhttp\u001b[22m function initialized (http://localhost:5001/board-595c4/us-central1/helloWorld)."}}
[info] ✔  functions[us-central1-getWeather]: http function initialized (http://localhost:5001/board-595c4/us-central1/getWeather). {"metadata":{"emulator":{"name":"functions"},"message":"\u001b[1mhttp\u001b[22m function initialized (http://localhost:5001/board-595c4/us-central1/getWeather)."}}
[info] 
┌─────────────────────────────────────────────────────────────┐
│ ✔  All emulators ready! It is now safe to connect your app. │
│ i  View Emulator UI at http://localhost:4001                │
└─────────────────────────────────────────────────────────────┘

┌───────────┬────────────────┬─────────────────────────────────┐
│ Emulator  │ Host:Port      │ View in Emulator UI             │
├───────────┼────────────────┼─────────────────────────────────┤
│ Functions │ localhost:5001 │ http://localhost:4001/functions │
└───────────┴────────────────┴─────────────────────────────────┘
  Emulator Hub running at localhost:4400
  Other reserved ports: 4500

Issues? Report them at https://github.com/firebase/firebase-tools/issues and attach the *-debug.log files.
 
[debug] [2022-01-29T22:05:13.872Z] [worker-~diagnostic~-06dd9efa-d91b-4b0a-b3fc-9d99cab1285f]: IDLE {"metadata":{"emulator":{"name":"functions"},"message":"[worker-~diagnostic~-06dd9efa-d91b-4b0a-b3fc-9d99cab1285f]: IDLE"}}
[debug] [2022-01-29T22:05:14.814Z] File /Users/scottquach/Garage Projects/FindFocus/functions/lib/index.js.map changed, reloading triggers {"metadata":{"emulator":{"name":"functions"},"message":"File /Users/scottquach/Garage Projects/FindFocus/functions/lib/index.js.map changed, reloading triggers"}}
[debug] [2022-01-29T22:05:14.815Z] File /Users/scottquach/Garage Projects/FindFocus/functions/lib/index.js changed, reloading triggers {"metadata":{"emulator":{"name":"functions"},"message":"File /Users/scottquach/Garage Projects/FindFocus/functions/lib/index.js changed, reloading triggers"}}
[debug] [2022-01-29T22:05:15.816Z] [worker-pool] Shutting down IDLE worker (~diagnostic~) {"metadata":{"emulator":{"name":"functions"},"message":"[worker-pool] Shutting down IDLE worker (~diagnostic~)"}}
[debug] [2022-01-29T22:05:15.816Z] [worker-~diagnostic~-06dd9efa-d91b-4b0a-b3fc-9d99cab1285f]: FINISHING {"metadata":{"emulator":{"name":"functions"},"message":"[worker-~diagnostic~-06dd9efa-d91b-4b0a-b3fc-9d99cab1285f]: FINISHING"}}
[debug] [2022-01-29T22:05:15.833Z] [worker-pool] addWorker(~diagnostic~) {"metadata":{"emulator":{"name":"functions"},"message":"[worker-pool] addWorker(~diagnostic~)"}}
[debug] [2022-01-29T22:05:15.833Z] [worker-pool] Adding worker with key ~diagnostic~, total=2 {"metadata":{"emulator":{"name":"functions"},"message":"[worker-pool] Adding worker with key ~diagnostic~, total=2"}}
[debug] [2022-01-29T22:05:15.833Z] [worker-pool] submitWork(triggerId=) {"metadata":{"emulator":{"name":"functions"},"message":"[worker-pool] submitWork(triggerId=)"}}
[debug] [2022-01-29T22:05:15.833Z] [worker-~diagnostic~-cbdb64ea-5bf1-4ba4-b1e5-ddc62bf9bb39]: Assigning socketPath: /var/folders/jf/gw6x91t96zxc6d27wzyzjpl80000gn/T/fire_emu_27567.sock {"metadata":{"emulator":{"name":"functions"},"message":"[worker-~diagnostic~-cbdb64ea-5bf1-4ba4-b1e5-ddc62bf9bb39]: Assigning socketPath: /var/folders/jf/gw6x91t96zxc6d27wzyzjpl80000gn/T/fire_emu_27567.sock"}}
[debug] [2022-01-29T22:05:15.833Z] [worker-~diagnostic~-cbdb64ea-5bf1-4ba4-b1e5-ddc62bf9bb39]: BUSY {"metadata":{"emulator":{"name":"functions"},"message":"[worker-~diagnostic~-cbdb64ea-5bf1-4ba4-b1e5-ddc62bf9bb39]: BUSY"}}
[debug] [2022-01-29T22:05:15.835Z] [worker-~diagnostic~-06dd9efa-d91b-4b0a-b3fc-9d99cab1285f]: exited {"metadata":{"emulator":{"name":"functions"},"message":"[worker-~diagnostic~-06dd9efa-d91b-4b0a-b3fc-9d99cab1285f]: exited"}}
[debug] [2022-01-29T22:05:15.835Z] [worker-~diagnostic~-06dd9efa-d91b-4b0a-b3fc-9d99cab1285f]: FINISHED {"metadata":{"emulator":{"name":"functions"},"message":"[worker-~diagnostic~-06dd9efa-d91b-4b0a-b3fc-9d99cab1285f]: FINISHED"}}
[debug] [2022-01-29T22:05:16.048Z] [runtime-status] [27567] Functions runtime initialized. {"cwd":"/Users/scottquach/Garage Projects/FindFocus/functions","node_version":"12.18.1"} {"metadata":{"emulator":{"name":"functions"},"message":"[runtime-status] [27567] Functions runtime initialized. {\"cwd\":\"/Users/scottquach/Garage Projects/FindFocus/functions\",\"node_version\":\"12.18.1\"}"}}
[debug] [2022-01-29T22:05:16.049Z] [runtime-status] [27567] Disabled runtime features: undefined {"metadata":{"emulator":{"name":"functions"},"message":"[runtime-status] [27567] Disabled runtime features: undefined"}}
[debug] [2022-01-29T22:05:16.050Z] [runtime-status] [27567] Resolved module firebase-admin {"declared":true,"installed":true,"version":"9.12.0","resolution":"/Users/scottquach/Garage Projects/FindFocus/functions/node_modules/firebase-admin/lib/index.js"} {"metadata":{"emulator":{"name":"functions"},"message":"[runtime-status] [27567] Resolved module firebase-admin {\"declared\":true,\"installed\":true,\"version\":\"9.12.0\",\"resolution\":\"/Users/scottquach/Garage Projects/FindFocus/functions/node_modules/firebase-admin/lib/index.js\"}"}}
[debug] [2022-01-29T22:05:16.051Z] [runtime-status] [27567] Resolved module firebase-functions {"declared":true,"installed":true,"version":"3.16.0","resolution":"/Users/scottquach/Garage Projects/FindFocus/functions/node_modules/firebase-functions/lib/index.js"} {"metadata":{"emulator":{"name":"functions"},"message":"[runtime-status] [27567] Resolved module firebase-functions {\"declared\":true,\"installed\":true,\"version\":\"3.16.0\",\"resolution\":\"/Users/scottquach/Garage Projects/FindFocus/functions/node_modules/firebase-functions/lib/index.js\"}"}}
[debug] [2022-01-29T22:05:16.052Z] [runtime-status] [27567] Outgoing network have been stubbed. [{"name":"http","status":"mocked"},{"name":"http","status":"mocked"},{"name":"https","status":"mocked"},{"name":"https","status":"mocked"},{"name":"net","status":"mocked"}] {"metadata":{"emulator":{"name":"functions"},"message":"[runtime-status] [27567] Outgoing network have been stubbed. [{\"name\":\"http\",\"status\":\"mocked\"},{\"name\":\"http\",\"status\":\"mocked\"},{\"name\":\"https\",\"status\":\"mocked\"},{\"name\":\"https\",\"status\":\"mocked\"},{\"name\":\"net\",\"status\":\"mocked\"}]"}}
[debug] [2022-01-29T22:05:16.053Z] [runtime-status] [27567] Resolved module firebase-functions {"declared":true,"installed":true,"version":"3.16.0","resolution":"/Users/scottquach/Garage Projects/FindFocus/functions/node_modules/firebase-functions/lib/index.js"} {"metadata":{"emulator":{"name":"functions"},"message":"[runtime-status] [27567] Resolved module firebase-functions {\"declared\":true,\"installed\":true,\"version\":\"3.16.0\",\"resolution\":\"/Users/scottquach/Garage Projects/FindFocus/functions/node_modules/firebase-functions/lib/index.js\"}"}}
[debug] [2022-01-29T22:05:16.073Z] [runtime-status] [27567] Checked functions.config() {"config":{}} {"metadata":{"emulator":{"name":"functions"},"message":"[runtime-status] [27567] Checked functions.config() {\"config\":{}}"}}
[debug] [2022-01-29T22:05:16.074Z] [runtime-status] [27567] firebase-functions has been stubbed. {"functionsResolution":{"declared":true,"installed":true,"version":"3.16.0","resolution":"/Users/scottquach/Garage Projects/FindFocus/functions/node_modules/firebase-functions/lib/index.js"}} {"metadata":{"emulator":{"name":"functions"},"message":"[runtime-status] [27567] firebase-functions has been stubbed. {\"functionsResolution\":{\"declared\":true,\"installed\":true,\"version\":\"3.16.0\",\"resolution\":\"/Users/scottquach/Garage Projects/FindFocus/functions/node_modules/firebase-functions/lib/index.js\"}}"}}
[debug] [2022-01-29T22:05:16.074Z] [runtime-status] [27567] Resolved module firebase-functions {"declared":true,"installed":true,"version":"3.16.0","resolution":"/Users/scottquach/Garage Projects/FindFocus/functions/node_modules/firebase-functions/lib/index.js"} {"metadata":{"emulator":{"name":"functions"},"message":"[runtime-status] [27567] Resolved module firebase-functions {\"declared\":true,\"installed\":true,\"version\":\"3.16.0\",\"resolution\":\"/Users/scottquach/Garage Projects/FindFocus/functions/node_modules/firebase-functions/lib/index.js\"}"}}
[debug] [2022-01-29T22:05:16.074Z] [runtime-status] [27567] Resolved module firebase-admin {"declared":true,"installed":true,"version":"9.12.0","resolution":"/Users/scottquach/Garage Projects/FindFocus/functions/node_modules/firebase-admin/lib/index.js"} {"metadata":{"emulator":{"name":"functions"},"message":"[runtime-status] [27567] Resolved module firebase-admin {\"declared\":true,\"installed\":true,\"version\":\"9.12.0\",\"resolution\":\"/Users/scottquach/Garage Projects/FindFocus/functions/node_modules/firebase-admin/lib/index.js\"}"}}
[debug] [2022-01-29T22:05:16.075Z] [runtime-status] [27567] Resolved module firebase-functions {"declared":true,"installed":true,"version":"3.16.0","resolution":"/Users/scottquach/Garage Projects/FindFocus/functions/node_modules/firebase-functions/lib/index.js"} {"metadata":{"emulator":{"name":"functions"},"message":"[runtime-status] [27567] Resolved module firebase-functions {\"declared\":true,\"installed\":true,\"version\":\"3.16.0\",\"resolution\":\"/Users/scottquach/Garage Projects/FindFocus/functions/node_modules/firebase-functions/lib/index.js\"}"}}
[debug] [2022-01-29T22:05:16.075Z] [runtime-status] [27567] firebase-admin has been stubbed. {"adminResolution":{"declared":true,"installed":true,"version":"9.12.0","resolution":"/Users/scottquach/Garage Projects/FindFocus/functions/node_modules/firebase-admin/lib/index.js"}} {"metadata":{"emulator":{"name":"functions"},"message":"[runtime-status] [27567] firebase-admin has been stubbed. {\"adminResolution\":{\"declared\":true,\"installed\":true,\"version\":\"9.12.0\",\"resolution\":\"/Users/scottquach/Garage Projects/FindFocus/functions/node_modules/firebase-admin/lib/index.js\"}}"}}
[debug] [2022-01-29T22:05:16.076Z] [runtime-status] [27567] initializeApp(DEFAULT) {"storageBucket":"board-595c4.appspot.com","projectId":"board-595c4"} {"metadata":{"emulator":{"name":"functions"},"message":"[runtime-status] [27567] initializeApp(DEFAULT) {\"storageBucket\":\"board-595c4.appspot.com\",\"projectId\":\"board-595c4\"}"}}
[debug] [2022-01-29T22:05:16.077Z] [worker-~diagnostic~-cbdb64ea-5bf1-4ba4-b1e5-ddc62bf9bb39]: IDLE {"metadata":{"emulator":{"name":"functions"},"message":"[worker-~diagnostic~-cbdb64ea-5bf1-4ba4-b1e5-ddc62bf9bb39]: IDLE"}}
[debug] [2022-01-29T22:05:24.262Z] [work-queue] {"queueLength":1,"workRunningCount":0}
[debug] [2022-01-29T22:05:24.265Z] [work-queue] {"queueLength":0,"workRunningCount":1}
[debug] [2022-01-29T22:05:24.270Z] Accepted request GET /board-595c4/us-central1/getWeather --> us-central1-getWeather
[debug] [2022-01-29T22:05:24.276Z] [worker-pool] Cleaned up workers for ~diagnostic~: 2 --> 1 {"metadata":{"emulator":{"name":"functions"},"message":"[worker-pool] Cleaned up workers for ~diagnostic~: 2 --> 1"}}
[debug] [2022-01-29T22:05:24.292Z] [worker-pool] addWorker(us-central1-getWeather) {"metadata":{"emulator":{"name":"functions"},"message":"[worker-pool] addWorker(us-central1-getWeather)"}}
[debug] [2022-01-29T22:05:24.292Z] [worker-pool] Adding worker with key us-central1-getWeather, total=1 {"metadata":{"emulator":{"name":"functions"},"message":"[worker-pool] Adding worker with key us-central1-getWeather, total=1"}}
[debug] [2022-01-29T22:05:24.292Z] [worker-pool] submitWork(triggerId=us-central1-getWeather) {"metadata":{"emulator":{"name":"functions"},"message":"[worker-pool] submitWork(triggerId=us-central1-getWeather)"}}
[debug] [2022-01-29T22:05:24.293Z] [worker-us-central1-getWeather-4da9497a-bc05-4a2d-ad9c-1a2b64c08085]: Assigning socketPath: /var/folders/jf/gw6x91t96zxc6d27wzyzjpl80000gn/T/fire_emu_27613.sock {"metadata":{"emulator":{"name":"functions"},"message":"[worker-us-central1-getWeather-4da9497a-bc05-4a2d-ad9c-1a2b64c08085]: Assigning socketPath: /var/folders/jf/gw6x91t96zxc6d27wzyzjpl80000gn/T/fire_emu_27613.sock"}}
[debug] [2022-01-29T22:05:24.293Z] [worker-us-central1-getWeather-4da9497a-bc05-4a2d-ad9c-1a2b64c08085]: BUSY {"metadata":{"emulator":{"name":"functions"},"message":"[worker-us-central1-getWeather-4da9497a-bc05-4a2d-ad9c-1a2b64c08085]: BUSY"}}
[debug] [2022-01-29T22:05:24.531Z] [runtime-status] [27613] Functions runtime initialized. {"cwd":"/Users/scottquach/Garage Projects/FindFocus/functions","node_version":"12.18.1"} {"metadata":{"emulator":{"name":"functions"},"function":{"name":"us-central1-getWeather"},"message":"[runtime-status] [27613] Functions runtime initialized. {\"cwd\":\"/Users/scottquach/Garage Projects/FindFocus/functions\",\"node_version\":\"12.18.1\"}"}}
[debug] [2022-01-29T22:05:24.531Z] [runtime-status] [27613] Disabled runtime features: undefined {"metadata":{"emulator":{"name":"functions"},"function":{"name":"us-central1-getWeather"},"message":"[runtime-status] [27613] Disabled runtime features: undefined"}}
[debug] [2022-01-29T22:05:24.533Z] [runtime-status] [27613] Resolved module firebase-admin {"declared":true,"installed":true,"version":"9.12.0","resolution":"/Users/scottquach/Garage Projects/FindFocus/functions/node_modules/firebase-admin/lib/index.js"} {"metadata":{"emulator":{"name":"functions"},"function":{"name":"us-central1-getWeather"},"message":"[runtime-status] [27613] Resolved module firebase-admin {\"declared\":true,\"installed\":true,\"version\":\"9.12.0\",\"resolution\":\"/Users/scottquach/Garage Projects/FindFocus/functions/node_modules/firebase-admin/lib/index.js\"}"}}
[debug] [2022-01-29T22:05:24.534Z] [runtime-status] [27613] Resolved module firebase-functions {"declared":true,"installed":true,"version":"3.16.0","resolution":"/Users/scottquach/Garage Projects/FindFocus/functions/node_modules/firebase-functions/lib/index.js"} {"metadata":{"emulator":{"name":"functions"},"function":{"name":"us-central1-getWeather"},"message":"[runtime-status] [27613] Resolved module firebase-functions {\"declared\":true,\"installed\":true,\"version\":\"3.16.0\",\"resolution\":\"/Users/scottquach/Garage Projects/FindFocus/functions/node_modules/firebase-functions/lib/index.js\"}"}}
[debug] [2022-01-29T22:05:24.537Z] [runtime-status] [27613] Outgoing network have been stubbed. [{"name":"http","status":"mocked"},{"name":"http","status":"mocked"},{"name":"https","status":"mocked"},{"name":"https","status":"mocked"},{"name":"net","status":"mocked"}] {"metadata":{"emulator":{"name":"functions"},"function":{"name":"us-central1-getWeather"},"message":"[runtime-status] [27613] Outgoing network have been stubbed. [{\"name\":\"http\",\"status\":\"mocked\"},{\"name\":\"http\",\"status\":\"mocked\"},{\"name\":\"https\",\"status\":\"mocked\"},{\"name\":\"https\",\"status\":\"mocked\"},{\"name\":\"net\",\"status\":\"mocked\"}]"}}
[debug] [2022-01-29T22:05:24.537Z] [runtime-status] [27613] Resolved module firebase-functions {"declared":true,"installed":true,"version":"3.16.0","resolution":"/Users/scottquach/Garage Projects/FindFocus/functions/node_modules/firebase-functions/lib/index.js"} {"metadata":{"emulator":{"name":"functions"},"function":{"name":"us-central1-getWeather"},"message":"[runtime-status] [27613] Resolved module firebase-functions {\"declared\":true,\"installed\":true,\"version\":\"3.16.0\",\"resolution\":\"/Users/scottquach/Garage Projects/FindFocus/functions/node_modules/firebase-functions/lib/index.js\"}"}}
[debug] [2022-01-29T22:05:24.558Z] [runtime-status] [27613] Checked functions.config() {"config":{}} {"metadata":{"emulator":{"name":"functions"},"function":{"name":"us-central1-getWeather"},"message":"[runtime-status] [27613] Checked functions.config() {\"config\":{}}"}}
[debug] [2022-01-29T22:05:24.558Z] [runtime-status] [27613] firebase-functions has been stubbed. {"functionsResolution":{"declared":true,"installed":true,"version":"3.16.0","resolution":"/Users/scottquach/Garage Projects/FindFocus/functions/node_modules/firebase-functions/lib/index.js"}} {"metadata":{"emulator":{"name":"functions"},"function":{"name":"us-central1-getWeather"},"message":"[runtime-status] [27613] firebase-functions has been stubbed. {\"functionsResolution\":{\"declared\":true,\"installed\":true,\"version\":\"3.16.0\",\"resolution\":\"/Users/scottquach/Garage Projects/FindFocus/functions/node_modules/firebase-functions/lib/index.js\"}}"}}
[debug] [2022-01-29T22:05:24.558Z] [runtime-status] [27613] Resolved module firebase-functions {"declared":true,"installed":true,"version":"3.16.0","resolution":"/Users/scottquach/Garage Projects/FindFocus/functions/node_modules/firebase-functions/lib/index.js"} {"metadata":{"emulator":{"name":"functions"},"function":{"name":"us-central1-getWeather"},"message":"[runtime-status] [27613] Resolved module firebase-functions {\"declared\":true,\"installed\":true,\"version\":\"3.16.0\",\"resolution\":\"/Users/scottquach/Garage Projects/FindFocus/functions/node_modules/firebase-functions/lib/index.js\"}"}}
[debug] [2022-01-29T22:05:24.558Z] [runtime-status] [27613] Resolved module firebase-admin {"declared":true,"installed":true,"version":"9.12.0","resolution":"/Users/scottquach/Garage Projects/FindFocus/functions/node_modules/firebase-admin/lib/index.js"} {"metadata":{"emulator":{"name":"functions"},"function":{"name":"us-central1-getWeather"},"message":"[runtime-status] [27613] Resolved module firebase-admin {\"declared\":true,\"installed\":true,\"version\":\"9.12.0\",\"resolution\":\"/Users/scottquach/Garage Projects/FindFocus/functions/node_modules/firebase-admin/lib/index.js\"}"}}
[debug] [2022-01-29T22:05:24.559Z] [runtime-status] [27613] Resolved module firebase-functions {"declared":true,"installed":true,"version":"3.16.0","resolution":"/Users/scottquach/Garage Projects/FindFocus/functions/node_modules/firebase-functions/lib/index.js"} {"metadata":{"emulator":{"name":"functions"},"function":{"name":"us-central1-getWeather"},"message":"[runtime-status] [27613] Resolved module firebase-functions {\"declared\":true,\"installed\":true,\"version\":\"3.16.0\",\"resolution\":\"/Users/scottquach/Garage Projects/FindFocus/functions/node_modules/firebase-functions/lib/index.js\"}"}}
[debug] [2022-01-29T22:05:24.559Z] [runtime-status] [27613] firebase-admin has been stubbed. {"adminResolution":{"declared":true,"installed":true,"version":"9.12.0","resolution":"/Users/scottquach/Garage Projects/FindFocus/functions/node_modules/firebase-admin/lib/index.js"}} {"metadata":{"emulator":{"name":"functions"},"function":{"name":"us-central1-getWeather"},"message":"[runtime-status] [27613] firebase-admin has been stubbed. {\"adminResolution\":{\"declared\":true,\"installed\":true,\"version\":\"9.12.0\",\"resolution\":\"/Users/scottquach/Garage Projects/FindFocus/functions/node_modules/firebase-admin/lib/index.js\"}}"}}
[debug] [2022-01-29T22:05:24.559Z] [runtime-status] [27613] initializeApp(DEFAULT) {"storageBucket":"board-595c4.appspot.com","projectId":"board-595c4"} {"metadata":{"emulator":{"name":"functions"},"function":{"name":"us-central1-getWeather"},"message":"[runtime-status] [27613] initializeApp(DEFAULT) {\"storageBucket\":\"board-595c4.appspot.com\",\"projectId\":\"board-595c4\"}"}}
[debug] [2022-01-29T22:05:24.560Z] [runtime-status] [27613] Trigger "us-central1-getWeather" has been found, beginning invocation! {"metadata":{"emulator":{"name":"functions"},"function":{"name":"us-central1-getWeather"},"message":"[runtime-status] [27613] Trigger \"us-central1-getWeather\" has been found, beginning invocation!"}}
[info] i  functions: Beginning execution of "us-central1-getWeather" {"metadata":{"emulator":{"name":"functions"},"function":{"name":"us-central1-getWeather"},"message":"Beginning execution of \"us-central1-getWeather\""}}
[debug] [2022-01-29T22:05:24.562Z] [runtime-status] [27613] triggerDefinition {"httpsTrigger":{},"name":"getWeather","entryPoint":"getWeather","regions":["us-central1"],"region":"us-central1","id":"us-central1-getWeather","platform":"gcfv1"} {"metadata":{"emulator":{"name":"functions"},"function":{"name":"us-central1-getWeather"},"message":"[runtime-status] [27613] triggerDefinition {\"httpsTrigger\":{},\"name\":\"getWeather\",\"entryPoint\":\"getWeather\",\"regions\":[\"us-central1\"],\"region\":\"us-central1\",\"id\":\"us-central1-getWeather\",\"platform\":\"gcfv1\"}"}}
[debug] [2022-01-29T22:05:24.562Z] [runtime-status] [27613] Running us-central1-getWeather in signature http {"metadata":{"emulator":{"name":"functions"},"function":{"name":"us-central1-getWeather"},"message":"[runtime-status] [27613] Running us-central1-getWeather in signature http"}}
[debug] [2022-01-29T22:05:24.565Z] [runtime-status] [27613] Attempting to listen to socketPath: /var/folders/jf/gw6x91t96zxc6d27wzyzjpl80000gn/T/fire_emu_27613.sock {"metadata":{"emulator":{"name":"functions"},"function":{"name":"us-central1-getWeather"},"message":"[runtime-status] [27613] Attempting to listen to socketPath: /var/folders/jf/gw6x91t96zxc6d27wzyzjpl80000gn/T/fire_emu_27613.sock"}}
[debug] [2022-01-29T22:05:24.574Z] [functions] Runtime ready! Sending request! {"metadata":{"emulator":{"name":"functions"},"message":"[functions] Runtime ready! Sending request!"}}
[debug] [2022-01-29T22:05:24.575Z] [functions] Got req.url=/board-595c4/us-central1/getWeather, mapping to path=/ {"metadata":{"emulator":{"name":"functions"},"message":"[functions] Got req.url=/board-595c4/us-central1/getWeather, mapping to path=/"}}
[debug] [2022-01-29T22:05:24.585Z] [runtime-status] [27613] Ephemeral server handling GET request {"metadata":{"emulator":{"name":"functions"},"function":{"name":"us-central1-getWeather"},"message":"[runtime-status] [27613] Ephemeral server handling GET request"}}
[debug] [2022-01-29T22:05:24.588Z] [runtime-status] [27613] Ephemeral server survived. {"metadata":{"emulator":{"name":"functions"},"function":{"name":"us-central1-getWeather"},"message":"[runtime-status] [27613] Ephemeral server survived."}}
[info] i  functions: Finished "us-central1-getWeather" in ~1s {"metadata":{"emulator":{"name":"functions"},"function":{"name":"us-central1-getWeather"},"message":"Finished \"us-central1-getWeather\" in ~1s"}}
[debug] [2022-01-29T22:05:24.589Z] [worker-us-central1-getWeather-4da9497a-bc05-4a2d-ad9c-1a2b64c08085]: IDLE {"metadata":{"emulator":{"name":"functions"},"message":"[worker-us-central1-getWeather-4da9497a-bc05-4a2d-ad9c-1a2b64c08085]: IDLE"}}
[debug] [2022-01-29T22:05:24.590Z] [work-queue] {"queueLength":0,"workRunningCount":0}
[debug] [2022-01-29T22:05:32.981Z] File /Users/scottquach/Garage Projects/FindFocus/functions/src/index.ts changed, reloading triggers {"metadata":{"emulator":{"name":"functions"},"message":"File /Users/scottquach/Garage Projects/FindFocus/functions/src/index.ts changed, reloading triggers"}}
[debug] [2022-01-29T22:05:33.703Z] File /Users/scottquach/Garage Projects/FindFocus/functions/lib/index.js.map changed, reloading triggers {"metadata":{"emulator":{"name":"functions"},"message":"File /Users/scottquach/Garage Projects/FindFocus/functions/lib/index.js.map changed, reloading triggers"}}
[debug] [2022-01-29T22:05:33.707Z] File /Users/scottquach/Garage Projects/FindFocus/functions/lib/index.js changed, reloading triggers {"metadata":{"emulator":{"name":"functions"},"message":"File /Users/scottquach/Garage Projects/FindFocus/functions/lib/index.js changed, reloading triggers"}}
[debug] [2022-01-29T22:05:34.713Z] [worker-pool] Shutting down IDLE worker (~diagnostic~) {"metadata":{"emulator":{"name":"functions"},"message":"[worker-pool] Shutting down IDLE worker (~diagnostic~)"}}
[debug] [2022-01-29T22:05:34.717Z] [worker-~diagnostic~-cbdb64ea-5bf1-4ba4-b1e5-ddc62bf9bb39]: FINISHING {"metadata":{"emulator":{"name":"functions"},"message":"[worker-~diagnostic~-cbdb64ea-5bf1-4ba4-b1e5-ddc62bf9bb39]: FINISHING"}}
[debug] [2022-01-29T22:05:34.718Z] [worker-pool] Shutting down IDLE worker (us-central1-getWeather) {"metadata":{"emulator":{"name":"functions"},"message":"[worker-pool] Shutting down IDLE worker (us-central1-getWeather)"}}
[debug] [2022-01-29T22:05:34.718Z] [worker-us-central1-getWeather-4da9497a-bc05-4a2d-ad9c-1a2b64c08085]: FINISHING {"metadata":{"emulator":{"name":"functions"},"message":"[worker-us-central1-getWeather-4da9497a-bc05-4a2d-ad9c-1a2b64c08085]: FINISHING"}}
[debug] [2022-01-29T22:05:34.768Z] [worker-pool] addWorker(~diagnostic~) {"metadata":{"emulator":{"name":"functions"},"message":"[worker-pool] addWorker(~diagnostic~)"}}
[debug] [2022-01-29T22:05:34.768Z] [worker-pool] Adding worker with key ~diagnostic~, total=2 {"metadata":{"emulator":{"name":"functions"},"message":"[worker-pool] Adding worker with key ~diagnostic~, total=2"}}
[debug] [2022-01-29T22:05:34.769Z] [worker-pool] submitWork(triggerId=) {"metadata":{"emulator":{"name":"functions"},"message":"[worker-pool] submitWork(triggerId=)"}}
[debug] [2022-01-29T22:05:34.769Z] [worker-~diagnostic~-cc4b1c59-f32d-4e9d-9530-2d5a6f27f45f]: Assigning socketPath: /var/folders/jf/gw6x91t96zxc6d27wzyzjpl80000gn/T/fire_emu_27683.sock {"metadata":{"emulator":{"name":"functions"},"message":"[worker-~diagnostic~-cc4b1c59-f32d-4e9d-9530-2d5a6f27f45f]: Assigning socketPath: /var/folders/jf/gw6x91t96zxc6d27wzyzjpl80000gn/T/fire_emu_27683.sock"}}
[debug] [2022-01-29T22:05:34.769Z] [worker-~diagnostic~-cc4b1c59-f32d-4e9d-9530-2d5a6f27f45f]: BUSY {"metadata":{"emulator":{"name":"functions"},"message":"[worker-~diagnostic~-cc4b1c59-f32d-4e9d-9530-2d5a6f27f45f]: BUSY"}}
[debug] [2022-01-29T22:05:34.771Z] [worker-~diagnostic~-cbdb64ea-5bf1-4ba4-b1e5-ddc62bf9bb39]: exited {"metadata":{"emulator":{"name":"functions"},"message":"[worker-~diagnostic~-cbdb64ea-5bf1-4ba4-b1e5-ddc62bf9bb39]: exited"}}
[debug] [2022-01-29T22:05:34.771Z] [worker-~diagnostic~-cbdb64ea-5bf1-4ba4-b1e5-ddc62bf9bb39]: FINISHED {"metadata":{"emulator":{"name":"functions"},"message":"[worker-~diagnostic~-cbdb64ea-5bf1-4ba4-b1e5-ddc62bf9bb39]: FINISHED"}}
[debug] [2022-01-29T22:05:34.772Z] [worker-us-central1-getWeather-4da9497a-bc05-4a2d-ad9c-1a2b64c08085]: exited {"metadata":{"emulator":{"name":"functions"},"message":"[worker-us-central1-getWeather-4da9497a-bc05-4a2d-ad9c-1a2b64c08085]: exited"}}
[debug] [2022-01-29T22:05:34.772Z] [worker-us-central1-getWeather-4da9497a-bc05-4a2d-ad9c-1a2b64c08085]: FINISHED {"metadata":{"emulator":{"name":"functions"},"message":"[worker-us-central1-getWeather-4da9497a-bc05-4a2d-ad9c-1a2b64c08085]: FINISHED"}}
[debug] [2022-01-29T22:05:35.703Z] [runtime-status] [27683] Functions runtime initialized. {"cwd":"/Users/scottquach/Garage Projects/FindFocus/functions","node_version":"12.18.1"} {"metadata":{"emulator":{"name":"functions"},"message":"[runtime-status] [27683] Functions runtime initialized. {\"cwd\":\"/Users/scottquach/Garage Projects/FindFocus/functions\",\"node_version\":\"12.18.1\"}"}}
[debug] [2022-01-29T22:05:35.703Z] [runtime-status] [27683] Disabled runtime features: undefined {"metadata":{"emulator":{"name":"functions"},"message":"[runtime-status] [27683] Disabled runtime features: undefined"}}
[debug] [2022-01-29T22:05:35.711Z] [runtime-status] [27683] Resolved module firebase-admin {"declared":true,"installed":true,"version":"9.12.0","resolution":"/Users/scottquach/Garage Projects/FindFocus/functions/node_modules/firebase-admin/lib/index.js"} {"metadata":{"emulator":{"name":"functions"},"message":"[runtime-status] [27683] Resolved module firebase-admin {\"declared\":true,\"installed\":true,\"version\":\"9.12.0\",\"resolution\":\"/Users/scottquach/Garage Projects/FindFocus/functions/node_modules/firebase-admin/lib/index.js\"}"}}
[debug] [2022-01-29T22:05:35.714Z] [runtime-status] [27683] Resolved module firebase-functions {"declared":true,"installed":true,"version":"3.16.0","resolution":"/Users/scottquach/Garage Projects/FindFocus/functions/node_modules/firebase-functions/lib/index.js"} {"metadata":{"emulator":{"name":"functions"},"message":"[runtime-status] [27683] Resolved module firebase-functions {\"declared\":true,\"installed\":true,\"version\":\"3.16.0\",\"resolution\":\"/Users/scottquach/Garage Projects/FindFocus/functions/node_modules/firebase-functions/lib/index.js\"}"}}
[debug] [2022-01-29T22:05:35.714Z] [runtime-status] [27683] Outgoing network have been stubbed. [{"name":"http","status":"mocked"},{"name":"http","status":"mocked"},{"name":"https","status":"mocked"},{"name":"https","status":"mocked"},{"name":"net","status":"mocked"}] {"metadata":{"emulator":{"name":"functions"},"message":"[runtime-status] [27683] Outgoing network have been stubbed. [{\"name\":\"http\",\"status\":\"mocked\"},{\"name\":\"http\",\"status\":\"mocked\"},{\"name\":\"https\",\"status\":\"mocked\"},{\"name\":\"https\",\"status\":\"mocked\"},{\"name\":\"net\",\"status\":\"mocked\"}]"}}
[debug] [2022-01-29T22:05:35.714Z] [runtime-status] [27683] Resolved module firebase-functions {"declared":true,"installed":true,"version":"3.16.0","resolution":"/Users/scottquach/Garage Projects/FindFocus/functions/node_modules/firebase-functions/lib/index.js"} {"metadata":{"emulator":{"name":"functions"},"message":"[runtime-status] [27683] Resolved module firebase-functions {\"declared\":true,\"installed\":true,\"version\":\"3.16.0\",\"resolution\":\"/Users/scottquach/Garage Projects/FindFocus/functions/node_modules/firebase-functions/lib/index.js\"}"}}
[debug] [2022-01-29T22:05:35.753Z] [runtime-status] [27683] Checked functions.config() {"config":{}} {"metadata":{"emulator":{"name":"functions"},"message":"[runtime-status] [27683] Checked functions.config() {\"config\":{}}"}}
[debug] [2022-01-29T22:05:35.753Z] [runtime-status] [27683] firebase-functions has been stubbed. {"functionsResolution":{"declared":true,"installed":true,"version":"3.16.0","resolution":"/Users/scottquach/Garage Projects/FindFocus/functions/node_modules/firebase-functions/lib/index.js"}} {"metadata":{"emulator":{"name":"functions"},"message":"[runtime-status] [27683] firebase-functions has been stubbed. {\"functionsResolution\":{\"declared\":true,\"installed\":true,\"version\":\"3.16.0\",\"resolution\":\"/Users/scottquach/Garage Projects/FindFocus/functions/node_modules/firebase-functions/lib/index.js\"}}"}}
[debug] [2022-01-29T22:05:35.753Z] [runtime-status] [27683] Resolved module firebase-functions {"declared":true,"installed":true,"version":"3.16.0","resolution":"/Users/scottquach/Garage Projects/FindFocus/functions/node_modules/firebase-functions/lib/index.js"} {"metadata":{"emulator":{"name":"functions"},"message":"[runtime-status] [27683] Resolved module firebase-functions {\"declared\":true,\"installed\":true,\"version\":\"3.16.0\",\"resolution\":\"/Users/scottquach/Garage Projects/FindFocus/functions/node_modules/firebase-functions/lib/index.js\"}"}}
[debug] [2022-01-29T22:05:35.753Z] [runtime-status] [27683] Resolved module firebase-admin {"declared":true,"installed":true,"version":"9.12.0","resolution":"/Users/scottquach/Garage Projects/FindFocus/functions/node_modules/firebase-admin/lib/index.js"} {"metadata":{"emulator":{"name":"functions"},"message":"[runtime-status] [27683] Resolved module firebase-admin {\"declared\":true,\"installed\":true,\"version\":\"9.12.0\",\"resolution\":\"/Users/scottquach/Garage Projects/FindFocus/functions/node_modules/firebase-admin/lib/index.js\"}"}}
[debug] [2022-01-29T22:05:35.753Z] [runtime-status] [27683] Resolved module firebase-functions {"declared":true,"installed":true,"version":"3.16.0","resolution":"/Users/scottquach/Garage Projects/FindFocus/functions/node_modules/firebase-functions/lib/index.js"} {"metadata":{"emulator":{"name":"functions"},"message":"[runtime-status] [27683] Resolved module firebase-functions {\"declared\":true,\"installed\":true,\"version\":\"3.16.0\",\"resolution\":\"/Users/scottquach/Garage Projects/FindFocus/functions/node_modules/firebase-functions/lib/index.js\"}"}}
[debug] [2022-01-29T22:05:35.754Z] [runtime-status] [27683] firebase-admin has been stubbed. {"adminResolution":{"declared":true,"installed":true,"version":"9.12.0","resolution":"/Users/scottquach/Garage Projects/FindFocus/functions/node_modules/firebase-admin/lib/index.js"}} {"metadata":{"emulator":{"name":"functions"},"message":"[runtime-status] [27683] firebase-admin has been stubbed. {\"adminResolution\":{\"declared\":true,\"installed\":true,\"version\":\"9.12.0\",\"resolution\":\"/Users/scottquach/Garage Projects/FindFocus/functions/node_modules/firebase-admin/lib/index.js\"}}"}}
[debug] [2022-01-29T22:05:35.754Z] [runtime-status] [27683] initializeApp(DEFAULT) {"storageBucket":"board-595c4.appspot.com","projectId":"board-595c4"} {"metadata":{"emulator":{"name":"functions"},"message":"[runtime-status] [27683] initializeApp(DEFAULT) {\"storageBucket\":\"board-595c4.appspot.com\",\"projectId\":\"board-595c4\"}"}}
[debug] [2022-01-29T22:05:35.755Z] [worker-~diagnostic~-cc4b1c59-f32d-4e9d-9530-2d5a6f27f45f]: IDLE {"metadata":{"emulator":{"name":"functions"},"message":"[worker-~diagnostic~-cc4b1c59-f32d-4e9d-9530-2d5a6f27f45f]: IDLE"}}
[debug] [2022-01-29T22:05:35.845Z] [work-queue] {"queueLength":1,"workRunningCount":0}
[debug] [2022-01-29T22:05:35.845Z] [work-queue] {"queueLength":0,"workRunningCount":1}
[debug] [2022-01-29T22:05:35.845Z] Accepted request GET /board-595c4/us-central1/getWeather --> us-central1-getWeather
[debug] [2022-01-29T22:05:35.846Z] [worker-pool] Cleaned up workers for ~diagnostic~: 2 --> 1 {"metadata":{"emulator":{"name":"functions"},"message":"[worker-pool] Cleaned up workers for ~diagnostic~: 2 --> 1"}}
[debug] [2022-01-29T22:05:35.846Z] [worker-pool] Cleaned up workers for us-central1-getWeather: 1 --> 0 {"metadata":{"emulator":{"name":"functions"},"message":"[worker-pool] Cleaned up workers for us-central1-getWeather: 1 --> 0"}}
[debug] [2022-01-29T22:05:35.859Z] [worker-pool] addWorker(us-central1-getWeather) {"metadata":{"emulator":{"name":"functions"},"message":"[worker-pool] addWorker(us-central1-getWeather)"}}
[debug] [2022-01-29T22:05:35.859Z] [worker-pool] Adding worker with key us-central1-getWeather, total=1 {"metadata":{"emulator":{"name":"functions"},"message":"[worker-pool] Adding worker with key us-central1-getWeather, total=1"}}
[debug] [2022-01-29T22:05:35.859Z] [worker-pool] submitWork(triggerId=us-central1-getWeather) {"metadata":{"emulator":{"name":"functions"},"message":"[worker-pool] submitWork(triggerId=us-central1-getWeather)"}}
[debug] [2022-01-29T22:05:35.859Z] [worker-us-central1-getWeather-210e08b7-1936-465c-85f0-9da62ea7e62a]: Assigning socketPath: /var/folders/jf/gw6x91t96zxc6d27wzyzjpl80000gn/T/fire_emu_27689.sock {"metadata":{"emulator":{"name":"functions"},"message":"[worker-us-central1-getWeather-210e08b7-1936-465c-85f0-9da62ea7e62a]: Assigning socketPath: /var/folders/jf/gw6x91t96zxc6d27wzyzjpl80000gn/T/fire_emu_27689.sock"}}
[debug] [2022-01-29T22:05:35.859Z] [worker-us-central1-getWeather-210e08b7-1936-465c-85f0-9da62ea7e62a]: BUSY {"metadata":{"emulator":{"name":"functions"},"message":"[worker-us-central1-getWeather-210e08b7-1936-465c-85f0-9da62ea7e62a]: BUSY"}}
[debug] [2022-01-29T22:05:36.075Z] [runtime-status] [27689] Functions runtime initialized. {"cwd":"/Users/scottquach/Garage Projects/FindFocus/functions","node_version":"12.18.1"} {"metadata":{"emulator":{"name":"functions"},"function":{"name":"us-central1-getWeather"},"message":"[runtime-status] [27689] Functions runtime initialized. {\"cwd\":\"/Users/scottquach/Garage Projects/FindFocus/functions\",\"node_version\":\"12.18.1\"}"}}
[debug] [2022-01-29T22:05:36.076Z] [runtime-status] [27689] Disabled runtime features: undefined {"metadata":{"emulator":{"name":"functions"},"function":{"name":"us-central1-getWeather"},"message":"[runtime-status] [27689] Disabled runtime features: undefined"}}
[debug] [2022-01-29T22:05:36.077Z] [runtime-status] [27689] Resolved module firebase-admin {"declared":true,"installed":true,"version":"9.12.0","resolution":"/Users/scottquach/Garage Projects/FindFocus/functions/node_modules/firebase-admin/lib/index.js"} {"metadata":{"emulator":{"name":"functions"},"function":{"name":"us-central1-getWeather"},"message":"[runtime-status] [27689] Resolved module firebase-admin {\"declared\":true,\"installed\":true,\"version\":\"9.12.0\",\"resolution\":\"/Users/scottquach/Garage Projects/FindFocus/functions/node_modules/firebase-admin/lib/index.js\"}"}}
[debug] [2022-01-29T22:05:36.078Z] [runtime-status] [27689] Resolved module firebase-functions {"declared":true,"installed":true,"version":"3.16.0","resolution":"/Users/scottquach/Garage Projects/FindFocus/functions/node_modules/firebase-functions/lib/index.js"} {"metadata":{"emulator":{"name":"functions"},"function":{"name":"us-central1-getWeather"},"message":"[runtime-status] [27689] Resolved module firebase-functions {\"declared\":true,\"installed\":true,\"version\":\"3.16.0\",\"resolution\":\"/Users/scottquach/Garage Projects/FindFocus/functions/node_modules/firebase-functions/lib/index.js\"}"}}
[debug] [2022-01-29T22:05:36.079Z] [runtime-status] [27689] Outgoing network have been stubbed. [{"name":"http","status":"mocked"},{"name":"http","status":"mocked"},{"name":"https","status":"mocked"},{"name":"https","status":"mocked"},{"name":"net","status":"mocked"}] {"metadata":{"emulator":{"name":"functions"},"function":{"name":"us-central1-getWeather"},"message":"[runtime-status] [27689] Outgoing network have been stubbed. [{\"name\":\"http\",\"status\":\"mocked\"},{\"name\":\"http\",\"status\":\"mocked\"},{\"name\":\"https\",\"status\":\"mocked\"},{\"name\":\"https\",\"status\":\"mocked\"},{\"name\":\"net\",\"status\":\"mocked\"}]"}}
[debug] [2022-01-29T22:05:36.080Z] [runtime-status] [27689] Resolved module firebase-functions {"declared":true,"installed":true,"version":"3.16.0","resolution":"/Users/scottquach/Garage Projects/FindFocus/functions/node_modules/firebase-functions/lib/index.js"} {"metadata":{"emulator":{"name":"functions"},"function":{"name":"us-central1-getWeather"},"message":"[runtime-status] [27689] Resolved module firebase-functions {\"declared\":true,\"installed\":true,\"version\":\"3.16.0\",\"resolution\":\"/Users/scottquach/Garage Projects/FindFocus/functions/node_modules/firebase-functions/lib/index.js\"}"}}
[debug] [2022-01-29T22:05:36.101Z] [runtime-status] [27689] Checked functions.config() {"config":{}} {"metadata":{"emulator":{"name":"functions"},"function":{"name":"us-central1-getWeather"},"message":"[runtime-status] [27689] Checked functions.config() {\"config\":{}}"}}
[debug] [2022-01-29T22:05:36.101Z] [runtime-status] [27689] firebase-functions has been stubbed. {"functionsResolution":{"declared":true,"installed":true,"version":"3.16.0","resolution":"/Users/scottquach/Garage Projects/FindFocus/functions/node_modules/firebase-functions/lib/index.js"}} {"metadata":{"emulator":{"name":"functions"},"function":{"name":"us-central1-getWeather"},"message":"[runtime-status] [27689] firebase-functions has been stubbed. {\"functionsResolution\":{\"declared\":true,\"installed\":true,\"version\":\"3.16.0\",\"resolution\":\"/Users/scottquach/Garage Projects/FindFocus/functions/node_modules/firebase-functions/lib/index.js\"}}"}}
[debug] [2022-01-29T22:05:36.101Z] [runtime-status] [27689] Resolved module firebase-functions {"declared":true,"installed":true,"version":"3.16.0","resolution":"/Users/scottquach/Garage Projects/FindFocus/functions/node_modules/firebase-functions/lib/index.js"} {"metadata":{"emulator":{"name":"functions"},"function":{"name":"us-central1-getWeather"},"message":"[runtime-status] [27689] Resolved module firebase-functions {\"declared\":true,\"installed\":true,\"version\":\"3.16.0\",\"resolution\":\"/Users/scottquach/Garage Projects/FindFocus/functions/node_modules/firebase-functions/lib/index.js\"}"}}
[debug] [2022-01-29T22:05:36.102Z] [runtime-status] [27689] Resolved module firebase-admin {"declared":true,"installed":true,"version":"9.12.0","resolution":"/Users/scottquach/Garage Projects/FindFocus/functions/node_modules/firebase-admin/lib/index.js"} {"metadata":{"emulator":{"name":"functions"},"function":{"name":"us-central1-getWeather"},"message":"[runtime-status] [27689] Resolved module firebase-admin {\"declared\":true,\"installed\":true,\"version\":\"9.12.0\",\"resolution\":\"/Users/scottquach/Garage Projects/FindFocus/functions/node_modules/firebase-admin/lib/index.js\"}"}}
[debug] [2022-01-29T22:05:36.102Z] [runtime-status] [27689] Resolved module firebase-functions {"declared":true,"installed":true,"version":"3.16.0","resolution":"/Users/scottquach/Garage Projects/FindFocus/functions/node_modules/firebase-functions/lib/index.js"} {"metadata":{"emulator":{"name":"functions"},"function":{"name":"us-central1-getWeather"},"message":"[runtime-status] [27689] Resolved module firebase-functions {\"declared\":true,\"installed\":true,\"version\":\"3.16.0\",\"resolution\":\"/Users/scottquach/Garage Projects/FindFocus/functions/node_modules/firebase-functions/lib/index.js\"}"}}
[debug] [2022-01-29T22:05:36.102Z] [runtime-status] [27689] firebase-admin has been stubbed. {"adminResolution":{"declared":true,"installed":true,"version":"9.12.0","resolution":"/Users/scottquach/Garage Projects/FindFocus/functions/node_modules/firebase-admin/lib/index.js"}} {"metadata":{"emulator":{"name":"functions"},"function":{"name":"us-central1-getWeather"},"message":"[runtime-status] [27689] firebase-admin has been stubbed. {\"adminResolution\":{\"declared\":true,\"installed\":true,\"version\":\"9.12.0\",\"resolution\":\"/Users/scottquach/Garage Projects/FindFocus/functions/node_modules/firebase-admin/lib/index.js\"}}"}}
[debug] [2022-01-29T22:05:36.103Z] [runtime-status] [27689] initializeApp(DEFAULT) {"storageBucket":"board-595c4.appspot.com","projectId":"board-595c4"} {"metadata":{"emulator":{"name":"functions"},"function":{"name":"us-central1-getWeather"},"message":"[runtime-status] [27689] initializeApp(DEFAULT) {\"storageBucket\":\"board-595c4.appspot.com\",\"projectId\":\"board-595c4\"}"}}
[debug] [2022-01-29T22:05:36.104Z] [runtime-status] [27689] Trigger "us-central1-getWeather" has been found, beginning invocation! {"metadata":{"emulator":{"name":"functions"},"function":{"name":"us-central1-getWeather"},"message":"[runtime-status] [27689] Trigger \"us-central1-getWeather\" has been found, beginning invocation!"}}
[info] i  functions: Beginning execution of "us-central1-getWeather" {"metadata":{"emulator":{"name":"functions"},"function":{"name":"us-central1-getWeather"},"message":"Beginning execution of \"us-central1-getWeather\""}}
[debug] [2022-01-29T22:05:36.105Z] [runtime-status] [27689] triggerDefinition {"httpsTrigger":{},"name":"getWeather","entryPoint":"getWeather","regions":["us-central1"],"region":"us-central1","id":"us-central1-getWeather","platform":"gcfv1"} {"metadata":{"emulator":{"name":"functions"},"function":{"name":"us-central1-getWeather"},"message":"[runtime-status] [27689] triggerDefinition {\"httpsTrigger\":{},\"name\":\"getWeather\",\"entryPoint\":\"getWeather\",\"regions\":[\"us-central1\"],\"region\":\"us-central1\",\"id\":\"us-central1-getWeather\",\"platform\":\"gcfv1\"}"}}
[debug] [2022-01-29T22:05:36.105Z] [runtime-status] [27689] Running us-central1-getWeather in signature http {"metadata":{"emulator":{"name":"functions"},"function":{"name":"us-central1-getWeather"},"message":"[runtime-status] [27689] Running us-central1-getWeather in signature http"}}
[debug] [2022-01-29T22:05:36.108Z] [runtime-status] [27689] Attempting to listen to socketPath: /var/folders/jf/gw6x91t96zxc6d27wzyzjpl80000gn/T/fire_emu_27689.sock {"metadata":{"emulator":{"name":"functions"},"function":{"name":"us-central1-getWeather"},"message":"[runtime-status] [27689] Attempting to listen to socketPath: /var/folders/jf/gw6x91t96zxc6d27wzyzjpl80000gn/T/fire_emu_27689.sock"}}
[debug] [2022-01-29T22:05:36.112Z] [functions] Runtime ready! Sending request! {"metadata":{"emulator":{"name":"functions"},"message":"[functions] Runtime ready! Sending request!"}}
[debug] [2022-01-29T22:05:36.113Z] [functions] Got req.url=/board-595c4/us-central1/getWeather, mapping to path=/ {"metadata":{"emulator":{"name":"functions"},"message":"[functions] Got req.url=/board-595c4/us-central1/getWeather, mapping to path=/"}}
[debug] [2022-01-29T22:05:36.121Z] [runtime-status] [27689] Ephemeral server handling GET request {"metadata":{"emulator":{"name":"functions"},"function":{"name":"us-central1-getWeather"},"message":"[runtime-status] [27689] Ephemeral server handling GET request"}}
[debug] [2022-01-29T22:05:36.125Z] [runtime-status] [27689] Ephemeral server survived. {"metadata":{"emulator":{"name":"functions"},"function":{"name":"us-central1-getWeather"},"message":"[runtime-status] [27689] Ephemeral server survived."}}
[info] i  functions: Finished "us-central1-getWeather" in ~1s {"metadata":{"emulator":{"name":"functions"},"function":{"name":"us-central1-getWeather"},"message":"Finished \"us-central1-getWeather\" in ~1s"}}
[debug] [2022-01-29T22:05:36.126Z] [worker-us-central1-getWeather-210e08b7-1936-465c-85f0-9da62ea7e62a]: IDLE {"metadata":{"emulator":{"name":"functions"},"message":"[worker-us-central1-getWeather-210e08b7-1936-465c-85f0-9da62ea7e62a]: IDLE"}}
[debug] [2022-01-29T22:05:36.126Z] [work-queue] {"queueLength":0,"workRunningCount":0}
[debug] [2022-01-29T22:05:36.998Z] [work-queue] {"queueLength":1,"workRunningCount":0}
[debug] [2022-01-29T22:05:36.999Z] [work-queue] {"queueLength":0,"workRunningCount":1}
[debug] [2022-01-29T22:05:37.000Z] Accepted request GET /board-595c4/us-central1/getWeather --> us-central1-getWeather
[debug] [2022-01-29T22:05:37.004Z] [worker-pool] submitWork(triggerId=us-central1-getWeather) {"metadata":{"emulator":{"name":"functions"},"message":"[worker-pool] submitWork(triggerId=us-central1-getWeather)"}}
[debug] [2022-01-29T22:05:37.005Z] [worker-us-central1-getWeather-210e08b7-1936-465c-85f0-9da62ea7e62a]: Assigning socketPath: /var/folders/jf/gw6x91t96zxc6d27wzyzjpl80000gn/T/fire_emu_27689.sock {"metadata":{"emulator":{"name":"functions"},"message":"[worker-us-central1-getWeather-210e08b7-1936-465c-85f0-9da62ea7e62a]: Assigning socketPath: /var/folders/jf/gw6x91t96zxc6d27wzyzjpl80000gn/T/fire_emu_27689.sock"}}
[debug] [2022-01-29T22:05:37.005Z] [worker-us-central1-getWeather-210e08b7-1936-465c-85f0-9da62ea7e62a]: BUSY {"metadata":{"emulator":{"name":"functions"},"message":"[worker-us-central1-getWeather-210e08b7-1936-465c-85f0-9da62ea7e62a]: BUSY"}}
[debug] [2022-01-29T22:05:37.006Z] [runtime-status] [27689] Trigger "us-central1-getWeather" has been found, beginning invocation! {"metadata":{"emulator":{"name":"functions"},"function":{"name":"us-central1-getWeather"},"message":"[runtime-status] [27689] Trigger \"us-central1-getWeather\" has been found, beginning invocation!"}}
[info] i  functions: Beginning execution of "us-central1-getWeather" {"metadata":{"emulator":{"name":"functions"},"function":{"name":"us-central1-getWeather"},"message":"Beginning execution of \"us-central1-getWeather\""}}
[debug] [2022-01-29T22:05:37.007Z] [runtime-status] [27689] triggerDefinition {"httpsTrigger":{},"name":"getWeather","entryPoint":"getWeather","regions":["us-central1"],"region":"us-central1","id":"us-central1-getWeather","platform":"gcfv1"} {"metadata":{"emulator":{"name":"functions"},"function":{"name":"us-central1-getWeather"},"message":"[runtime-status] [27689] triggerDefinition {\"httpsTrigger\":{},\"name\":\"getWeather\",\"entryPoint\":\"getWeather\",\"regions\":[\"us-central1\"],\"region\":\"us-central1\",\"id\":\"us-central1-getWeather\",\"platform\":\"gcfv1\"}"}}
[debug] [2022-01-29T22:05:37.008Z] [runtime-status] [27689] Running us-central1-getWeather in signature http {"metadata":{"emulator":{"name":"functions"},"function":{"name":"us-central1-getWeather"},"message":"[runtime-status] [27689] Running us-central1-getWeather in signature http"}}
[debug] [2022-01-29T22:05:37.010Z] [runtime-status] [27689] Attempting to listen to socketPath: /var/folders/jf/gw6x91t96zxc6d27wzyzjpl80000gn/T/fire_emu_27689.sock {"metadata":{"emulator":{"name":"functions"},"function":{"name":"us-central1-getWeather"},"message":"[runtime-status] [27689] Attempting to listen to socketPath: /var/folders/jf/gw6x91t96zxc6d27wzyzjpl80000gn/T/fire_emu_27689.sock"}}
[debug] [2022-01-29T22:05:37.016Z] [functions] Runtime ready! Sending request! {"metadata":{"emulator":{"name":"functions"},"message":"[functions] Runtime ready! Sending request!"}}
[debug] [2022-01-29T22:05:37.019Z] [functions] Got req.url=/board-595c4/us-central1/getWeather, mapping to path=/ {"metadata":{"emulator":{"name":"functions"},"message":"[functions] Got req.url=/board-595c4/us-central1/getWeather, mapping to path=/"}}
[debug] [2022-01-29T22:05:37.024Z] [runtime-status] [27689] Ephemeral server handling GET request {"metadata":{"emulator":{"name":"functions"},"function":{"name":"us-central1-getWeather"},"message":"[runtime-status] [27689] Ephemeral server handling GET request"}}
[debug] [2022-01-29T22:05:37.026Z] [runtime-status] [27689] Ephemeral server survived. {"metadata":{"emulator":{"name":"functions"},"function":{"name":"us-central1-getWeather"},"message":"[runtime-status] [27689] Ephemeral server survived."}}
[info] i  functions: Finished "us-central1-getWeather" in ~1s {"metadata":{"emulator":{"name":"functions"},"function":{"name":"us-central1-getWeather"},"message":"Finished \"us-central1-getWeather\" in ~1s"}}
[debug] [2022-01-29T22:05:37.026Z] [worker-us-central1-getWeather-210e08b7-1936-465c-85f0-9da62ea7e62a]: IDLE {"metadata":{"emulator":{"name":"functions"},"message":"[worker-us-central1-getWeather-210e08b7-1936-465c-85f0-9da62ea7e62a]: IDLE"}}
[debug] [2022-01-29T22:05:37.027Z] [work-queue] {"queueLength":0,"workRunningCount":0}
[debug] [2022-01-29T22:05:37.750Z] [work-queue] {"queueLength":1,"workRunningCount":0}
[debug] [2022-01-29T22:05:37.750Z] [work-queue] {"queueLength":0,"workRunningCount":1}
[debug] [2022-01-29T22:05:37.750Z] Accepted request GET /board-595c4/us-central1/getWeather --> us-central1-getWeather
[debug] [2022-01-29T22:05:37.750Z] [worker-pool] submitWork(triggerId=us-central1-getWeather) {"metadata":{"emulator":{"name":"functions"},"message":"[worker-pool] submitWork(triggerId=us-central1-getWeather)"}}
[debug] [2022-01-29T22:05:37.751Z] [worker-us-central1-getWeather-210e08b7-1936-465c-85f0-9da62ea7e62a]: Assigning socketPath: /var/folders/jf/gw6x91t96zxc6d27wzyzjpl80000gn/T/fire_emu_27689.sock {"metadata":{"emulator":{"name":"functions"},"message":"[worker-us-central1-getWeather-210e08b7-1936-465c-85f0-9da62ea7e62a]: Assigning socketPath: /var/folders/jf/gw6x91t96zxc6d27wzyzjpl80000gn/T/fire_emu_27689.sock"}}
[debug] [2022-01-29T22:05:37.751Z] [worker-us-central1-getWeather-210e08b7-1936-465c-85f0-9da62ea7e62a]: BUSY {"metadata":{"emulator":{"name":"functions"},"message":"[worker-us-central1-getWeather-210e08b7-1936-465c-85f0-9da62ea7e62a]: BUSY"}}
[debug] [2022-01-29T22:05:37.751Z] [runtime-status] [27689] Trigger "us-central1-getWeather" has been found, beginning invocation! {"metadata":{"emulator":{"name":"functions"},"function":{"name":"us-central1-getWeather"},"message":"[runtime-status] [27689] Trigger \"us-central1-getWeather\" has been found, beginning invocation!"}}
[info] i  functions: Beginning execution of "us-central1-getWeather" {"metadata":{"emulator":{"name":"functions"},"function":{"name":"us-central1-getWeather"},"message":"Beginning execution of \"us-central1-getWeather\""}}
[debug] [2022-01-29T22:05:37.753Z] [runtime-status] [27689] triggerDefinition {"httpsTrigger":{},"name":"getWeather","entryPoint":"getWeather","regions":["us-central1"],"region":"us-central1","id":"us-central1-getWeather","platform":"gcfv1"} {"metadata":{"emulator":{"name":"functions"},"function":{"name":"us-central1-getWeather"},"message":"[runtime-status] [27689] triggerDefinition {\"httpsTrigger\":{},\"name\":\"getWeather\",\"entryPoint\":\"getWeather\",\"regions\":[\"us-central1\"],\"region\":\"us-central1\",\"id\":\"us-central1-getWeather\",\"platform\":\"gcfv1\"}"}}
[debug] [2022-01-29T22:05:37.753Z] [runtime-status] [27689] Running us-central1-getWeather in signature http {"metadata":{"emulator":{"name":"functions"},"function":{"name":"us-central1-getWeather"},"message":"[runtime-status] [27689] Running us-central1-getWeather in signature http"}}
[debug] [2022-01-29T22:05:37.753Z] [runtime-status] [27689] Attempting to listen to socketPath: /var/folders/jf/gw6x91t96zxc6d27wzyzjpl80000gn/T/fire_emu_27689.sock {"metadata":{"emulator":{"name":"functions"},"function":{"name":"us-central1-getWeather"},"message":"[runtime-status] [27689] Attempting to listen to socketPath: /var/folders/jf/gw6x91t96zxc6d27wzyzjpl80000gn/T/fire_emu_27689.sock"}}
[debug] [2022-01-29T22:05:37.755Z] [functions] Runtime ready! Sending request! {"metadata":{"emulator":{"name":"functions"},"message":"[functions] Runtime ready! Sending request!"}}
[debug] [2022-01-29T22:05:37.755Z] [functions] Got req.url=/board-595c4/us-central1/getWeather, mapping to path=/ {"metadata":{"emulator":{"name":"functions"},"message":"[functions] Got req.url=/board-595c4/us-central1/getWeather, mapping to path=/"}}
[debug] [2022-01-29T22:05:37.761Z] [runtime-status] [27689] Ephemeral server handling GET request {"metadata":{"emulator":{"name":"functions"},"function":{"name":"us-central1-getWeather"},"message":"[runtime-status] [27689] Ephemeral server handling GET request"}}
[debug] [2022-01-29T22:05:37.763Z] [runtime-status] [27689] Ephemeral server survived. {"metadata":{"emulator":{"name":"functions"},"function":{"name":"us-central1-getWeather"},"message":"[runtime-status] [27689] Ephemeral server survived."}}
[info] i  functions: Finished "us-central1-getWeather" in ~1s {"metadata":{"emulator":{"name":"functions"},"function":{"name":"us-central1-getWeather"},"message":"Finished \"us-central1-getWeather\" in ~1s"}}
[debug] [2022-01-29T22:05:37.763Z] [worker-us-central1-getWeather-210e08b7-1936-465c-85f0-9da62ea7e62a]: IDLE {"metadata":{"emulator":{"name":"functions"},"message":"[worker-us-central1-getWeather-210e08b7-1936-465c-85f0-9da62ea7e62a]: IDLE"}}
[debug] [2022-01-29T22:05:37.767Z] [work-queue] {"queueLength":0,"workRunningCount":0}
